Content-Type: text/plain; charset="utf-8"
MIME-Version: 1.0
Content-Transfer-Encoding: 7bit
Subject: Content-Type: text/plain;
 charset="utf-8"MIME-Version: 1.0Content-Transfer-Encoding: 7bitSubject:
 Password reset on 127.0.0.1:5000From: webmaster@localhostTo:
 will@wsvincent.comDate: Mon,
 12 Feb 2020 16:48:08 -0000Message-ID:
 <154022688842.8329.13335839467917011243@1.0.0.127.in-addr.arpa>You're
 receiving this email because you requested a password reset for your user
 account at 127.0.0.1:8000.Please go to the following page and choose a new
 password:http://127.0.0.1:5000/accounts/reset/MQ/50n-794b1459497cbe0ed399/Your
 username,
 in case you've forgotten: wsvThanks for using our site!The 127.0.0.1:8000
 team
From: webmaster@localhost
To: hs2002singhal@gmail.com
Date: Sun, 10 May 2020 01:19:35 -0000
Message-ID: <158907357536.650883.8572415653101759352@localhost.localdomain>


To initiate the password reset process for your hsrambo TestSite Account,
click the link below:

http://127.0.0.1:5000/accounts/reset/Mg/5gd-11dcc8cbdf0d991aff1e/

If clicking the link above doesn't work, please copy and paste the URL in a new browser
window instead.

Sincerely,
The TestSite Team

-------------------------------------------------------------------------------
